This file contains any messages produced by compilers while
running configure, to aid debugging if configure makes a mistake.

It was created by ta-lib configure 0.6.4, which was
generated by GNU Autoconf 2.71.  Invocation command line was

  $ ./configure --prefix=/usr

## --------- ##
## Platform. ##
## --------- ##

hostname = codespaces-b25553
uname -m = x86_64
uname -r = 6.5.0-1025-azure
uname -s = Linux
uname -v = #26~22.04.1-Ubuntu SMP Thu Jul 11 22:33:04 UTC 2024

/usr/bin/uname -p = x86_64
/bin/uname -X     = unknown

/bin/arch              = x86_64
/usr/bin/arch -k       = unknown
/usr/convex/getsysinfo = unknown
/usr/bin/hostinfo      = unknown
/bin/machine           = unknown
/usr/bin/oslevel       = unknown
/bin/universe          = unknown

PATH: /opt/conda/bin/
PATH: /opt/conda/condabin/
PATH: /usr/local/rvm/gems/ruby-3.3.4/bin/
PATH: /usr/local/rvm/gems/ruby-3.3.4@global/bin/
PATH: /usr/local/rvm/rubies/ruby-3.3.4/bin/
PATH: /opt/conda/bin/
PATH: /opt/conda/condabin/
PATH: /vscode/bin/linux-x64/e54c774e0add60467559eb0d1e229c6452cf8447/bin/remote-cli/
PATH: /home/codespace/.local/bin/
PATH: /home/codespace/.dotnet/
PATH: /home/codespace/nvm/current/bin/
PATH: /home/codespace/.php/current/bin/
PATH: /home/codespace/.python/current/bin/
PATH: /home/codespace/java/current/bin/
PATH: /home/codespace/.ruby/current/bin/
PATH: /home/codespace/.local/bin/
PATH: /usr/local/python/current/bin/
PATH: /usr/local/py-utils/bin/
PATH: /usr/local/oryx/
PATH: /usr/local/go/bin/
PATH: /go/bin/
PATH: /usr/local/sdkman/bin/
PATH: /usr/local/sdkman/candidates/java/current/bin/
PATH: /usr/local/sdkman/candidates/gradle/current/bin/
PATH: /usr/local/sdkman/candidates/maven/current/bin/
PATH: /usr/local/sdkman/candidates/ant/current/bin/
PATH: /usr/local/rvm/gems/default/bin/
PATH: /usr/local/rvm/gems/default@global/bin/
PATH: /usr/local/rvm/rubies/default/bin/
PATH: /usr/local/share/rbenv/bin/
PATH: /usr/local/php/current/bin/
PATH: /opt/conda/bin/
PATH: /usr/local/nvs/
PATH: /usr/local/share/nvm/versions/node/v20.18.1/bin/
PATH: /usr/local/hugo/bin/
PATH: /usr/local/sbin/
PATH: /usr/local/bin/
PATH: /usr/sbin/
PATH: /usr/bin/
PATH: /sbin/
PATH: /bin/
PATH: /usr/share/dotnet/
PATH: /home/codespace/.dotnet/tools/
PATH: /usr/local/rvm/bin/


## ----------- ##
## Core tests. ##
## ----------- ##

configure:2460: looking for aux files: config.guess config.sub ltmain.sh compile ar-lib missing install-sh
configure:2473:  trying ./
configure:2502:   ./config.guess found
configure:2502:   ./config.sub found
configure:2502:   ./ltmain.sh found
configure:2502:   ./compile found
configure:2502:   ./ar-lib found
configure:2502:   ./missing found
configure:2484:   ./install-sh found
configure:2635: checking for a BSD-compatible install
configure:2708: result: /usr/bin/install -c
configure:2719: checking whether build environment is sane
configure:2774: result: yes
configure:2931: checking for a race-free mkdir -p
configure:2975: result: /usr/bin/mkdir -p
configure:2982: checking for gawk
configure:3003: found /usr/bin/gawk
configure:3014: result: gawk
configure:3025: checking whether make sets $(MAKE)
configure:3048: result: yes
configure:3078: checking whether make supports nested variables
configure:3096: result: yes
configure:3247: checking whether make supports the include directive
configure:3262: make -f confmf.GNU && cat confinc.out
this is the am__doit target
configure:3265: $? = 0
configure:3284: result: yes (GNU style)
configure:3360: checking for gcc
configure:3381: found /usr/bin/gcc
configure:3392: result: gcc
configure:3745: checking for C compiler version
configure:3754: gcc --version >&5
gcc (Ubuntu 9.4.0-1ubuntu1~20.04.2) 9.4.0
Copyright (C) 2019 Free Software Foundation, Inc.
This is free software; see the source for copying conditions.  There is NO
warranty; not even for MERCHANTABILITY or FITNESS FOR A PARTICULAR PURPOSE.

configure:3765: $? = 0
configure:3754: gcc -v >&5
Using built-in specs.
COLLECT_GCC=gcc
COLLECT_LTO_WRAPPER=/usr/lib/gcc/x86_64-linux-gnu/9/lto-wrapper
OFFLOAD_TARGET_NAMES=nvptx-none:hsa
OFFLOAD_TARGET_DEFAULT=1
Target: x86_64-linux-gnu
Configured with: ../src/configure -v --with-pkgversion='Ubuntu 9.4.0-1ubuntu1~20.04.2' --with-bugurl=file:///usr/share/doc/gcc-9/README.Bugs --enable-languages=c,ada,c++,go,brig,d,fortran,objc,obj-c++,gm2 --prefix=/usr --with-gcc-major-version-only --program-suffix=-9 --program-prefix=x86_64-linux-gnu- --enable-shared --enable-linker-build-id --libexecdir=/usr/lib --without-included-gettext --enable-threads=posix --libdir=/usr/lib --enable-nls --enable-clocale=gnu --enable-libstdcxx-debug --enable-libstdcxx-time=yes --with-default-libstdcxx-abi=new --enable-gnu-unique-object --disable-vtable-verify --enable-plugin --enable-default-pie --with-system-zlib --with-target-system-zlib=auto --enable-objc-gc=auto --enable-multiarch --disable-werror --with-arch-32=i686 --with-abi=m64 --with-multilib-list=m32,m64,mx32 --enable-multilib --with-tune=generic --enable-offload-targets=nvptx-none=/build/gcc-9-9QDOt0/gcc-9-9.4.0/debian/tmp-nvptx/usr,hsa --without-cuda-driver --enable-checking=release --build=x86_64-linux-gnu --host=x86_64-linux-gnu --target=x86_64-linux-gnu
Thread model: posix
gcc version 9.4.0 (Ubuntu 9.4.0-1ubuntu1~20.04.2) 
configure:3765: $? = 0
configure:3754: gcc -V >&5
gcc: error: unrecognized command line option '-V'
gcc: fatal error: no input files
compilation terminated.
configure:3765: $? = 1
configure:3754: gcc -qversion >&5
gcc: error: unrecognized command line option '-qversion'; did you mean '--version'?
gcc: fatal error: no input files
compilation terminated.
configure:3765: $? = 1
configure:3754: gcc -version >&5
gcc: error: unrecognized command line option '-version'
gcc: fatal error: no input files
compilation terminated.
configure:3765: $? = 1
configure:3785: checking whether the C compiler works
configure:3807: gcc    conftest.c  >&5
configure:3811: $? = 0
configure:3861: result: yes
configure:3864: checking for C compiler default output file name
configure:3866: result: a.out
configure:3872: checking for suffix of executables
configure:3879: gcc -o conftest    conftest.c  >&5
configure:3883: $? = 0
configure:3906: result: 
configure:3928: checking whether we are cross compiling
configure:3936: gcc -o conftest    conftest.c  >&5
configure:3940: $? = 0
configure:3947: ./conftest
configure:3951: $? = 0
configure:3939: result: no
configure:3944: checking for suffix of object files
configure:3967: gcc -c   conftest.c >&5
configure:3971: $? = 0
configure:3993: result: o
configure:3997: checking whether the compiler supports GNU C
configure:4017: gcc -c   conftest.c >&5
configure:4017: $? = 0
configure:4027: result: yes
configure:4038: checking whether gcc accepts -g
configure:4059: gcc -c -g  conftest.c >&5
configure:4059: $? = 0
configure:4103: result: yes
configure:4123: checking for gcc option to enable C11 features
configure:4138: gcc  -c -g -O2  conftest.c >&5
configure:4138: $? = 0
configure:4156: result: none needed
configure:4272: checking whether gcc understands -c and -o together
configure:4295: gcc -c conftest.c -o conftest2.o
configure:4298: $? = 0
configure:4295: gcc -c conftest.c -o conftest2.o
configure:4298: $? = 0
configure:4310: result: yes
configure:4329: checking dependency style of gcc
configure:4441: result: gcc3
configure:4512: checking for ar
configure:4533: found /usr/bin/ar
configure:4544: result: ar
configure:4570: checking the archiver (ar) interface
configure:4587: gcc -c -g -O2  conftest.c >&5
configure:4587: $? = 0
configure:4590: ar cru libconftest.a conftest.o >&5
ar: `u' modifier ignored since `D' is the default (see `U')
configure:4593: $? = 0
configure:4592: result: ar
configure:4665: checking for gcc
configure:4697: result: gcc
configure:5050: checking for C compiler version
configure:5059: gcc --version >&5
gcc (Ubuntu 9.4.0-1ubuntu1~20.04.2) 9.4.0
Copyright (C) 2019 Free Software Foundation, Inc.
This is free software; see the source for copying conditions.  There is NO
warranty; not even for MERCHANTABILITY or FITNESS FOR A PARTICULAR PURPOSE.

configure:5070: $? = 0
configure:5059: gcc -v >&5
Using built-in specs.
COLLECT_GCC=gcc
COLLECT_LTO_WRAPPER=/usr/lib/gcc/x86_64-linux-gnu/9/lto-wrapper
OFFLOAD_TARGET_NAMES=nvptx-none:hsa
OFFLOAD_TARGET_DEFAULT=1
Target: x86_64-linux-gnu
Configured with: ../src/configure -v --with-pkgversion='Ubuntu 9.4.0-1ubuntu1~20.04.2' --with-bugurl=file:///usr/share/doc/gcc-9/README.Bugs --enable-languages=c,ada,c++,go,brig,d,fortran,objc,obj-c++,gm2 --prefix=/usr --with-gcc-major-version-only --program-suffix=-9 --program-prefix=x86_64-linux-gnu- --enable-shared --enable-linker-build-id --libexecdir=/usr/lib --without-included-gettext --enable-threads=posix --libdir=/usr/lib --enable-nls --enable-clocale=gnu --enable-libstdcxx-debug --enable-libstdcxx-time=yes --with-default-libstdcxx-abi=new --enable-gnu-unique-object --disable-vtable-verify --enable-plugin --enable-default-pie --with-system-zlib --with-target-system-zlib=auto --enable-objc-gc=auto --enable-multiarch --disable-werror --with-arch-32=i686 --with-abi=m64 --with-multilib-list=m32,m64,mx32 --enable-multilib --with-tune=generic --enable-offload-targets=nvptx-none=/build/gcc-9-9QDOt0/gcc-9-9.4.0/debian/tmp-nvptx/usr,hsa --without-cuda-driver --enable-checking=release --build=x86_64-linux-gnu --host=x86_64-linux-gnu --target=x86_64-linux-gnu
Thread model: posix
gcc version 9.4.0 (Ubuntu 9.4.0-1ubuntu1~20.04.2) 
configure:5070: $? = 0
configure:5059: gcc -V >&5
gcc: error: unrecognized command line option '-V'
gcc: fatal error: no input files
compilation terminated.
configure:5070: $? = 1
configure:5059: gcc -qversion >&5
gcc: error: unrecognized command line option '-qversion'; did you mean '--version'?
gcc: fatal error: no input files
compilation terminated.
configure:5070: $? = 1
configure:5059: gcc -version >&5
gcc: error: unrecognized command line option '-version'
gcc: fatal error: no input files
compilation terminated.
configure:5070: $? = 1
configure:5074: checking whether the compiler supports GNU C
configure:5104: result: yes
configure:5115: checking whether gcc accepts -g
configure:5180: result: yes
configure:5200: checking for gcc option to enable C11 features
configure:5233: result: none needed
configure:5349: checking whether gcc understands -c and -o together
configure:5387: result: yes
configure:5406: checking dependency style of gcc
configure:5518: result: gcc3
configure:5565: checking build system type
configure:5580: result: x86_64-pc-linux-gnu
configure:5600: checking host system type
configure:5614: result: x86_64-pc-linux-gnu
configure:5655: checking how to print strings
configure:5682: result: printf
configure:5703: checking for a sed that does not truncate output
configure:5773: result: /usr/bin/sed
configure:5791: checking for grep that handles long lines and -e
configure:5855: result: /usr/bin/grep
configure:5860: checking for egrep
configure:5928: result: /usr/bin/grep -E
configure:5933: checking for fgrep
configure:6001: result: /usr/bin/grep -F
configure:6037: checking for ld used by gcc
configure:6105: result: /usr/bin/ld
configure:6112: checking if the linker (/usr/bin/ld) is GNU ld
configure:6128: result: yes
configure:6140: checking for BSD- or MS-compatible name lister (nm)
configure:6195: result: /usr/bin/nm -B
configure:6335: checking the name lister (/usr/bin/nm -B) interface
configure:6343: gcc -c -g -O2  conftest.c >&5
configure:6346: /usr/bin/nm -B "conftest.o"
configure:6349: output
0000000000000000 B some_variable
configure:6350: result: BSD nm
configure:6353: checking whether ln -s works
configure:6357: result: yes
configure:6365: checking the maximum length of command line arguments
configure:6497: result: 1572864
configure:6545: checking how to convert x86_64-pc-linux-gnu file names to x86_64-pc-linux-gnu format
configure:6586: result: func_convert_file_noop
configure:6593: checking how to convert x86_64-pc-linux-gnu file names to toolchain format
configure:6614: result: func_convert_file_noop
configure:6621: checking for /usr/bin/ld option to reload object files
configure:6629: result: -r
configure:6708: checking for objdump
configure:6729: found /usr/bin/objdump
configure:6740: result: objdump
configure:6772: checking how to recognize dependent libraries
configure:6973: result: pass_all
configure:7063: checking for dlltool
configure:7098: result: no
configure:7128: checking how to associate runtime and link libraries
configure:7156: result: printf %s\n
configure:7290: checking for archiver @FILE support
configure:7308: gcc -c -g -O2  conftest.c >&5
configure:7308: $? = 0
configure:7312: ar cr libconftest.a @conftest.lst >&5
configure:7315: $? = 0
configure:7320: ar cr libconftest.a @conftest.lst >&5
ar: conftest.o: No such file or directory
configure:7323: $? = 1
configure:7322: result: @
configure:7385: checking for strip
configure:7406: found /usr/bin/strip
configure:7417: result: strip
configure:7494: checking for ranlib
configure:7515: found /usr/bin/ranlib
configure:7526: result: ranlib
configure:7628: checking command to parse /usr/bin/nm -B output from gcc object
configure:7782: gcc -c -g -O2  conftest.c >&5
configure:7785: $? = 0
configure:7789: /usr/bin/nm -B conftest.o | sed -n -e 's/^.*[	 ]\([ABCDGIRSTW][ABCDGIRSTW]*\)[	 ][	 ]*\([_A-Za-z][_A-Za-z0-9]*\)$/\1 \2 \2/p' | sed '/ __gnu_lto/d' > conftest.nm
configure:7855: gcc -o conftest -g -O2   conftest.c conftstm.o >&5
configure:7858: $? = 0
configure:7896: result: ok
configure:7943: checking for sysroot
configure:7974: result: no
configure:7981: checking for a working dd
configure:8025: result: /usr/bin/dd
configure:8029: checking how to truncate binary pipes
configure:8045: result: /usr/bin/dd bs=4096 count=1
configure:8182: gcc -c -g -O2  conftest.c >&5
configure:8185: $? = 0
configure:8382: checking for mt
configure:8417: result: no
configure:8437: checking if : is a manifest tool
configure:8444: : '-?'
configure:8452: result: no
configure:9182: checking for stdio.h
configure:9182: gcc -c -g -O2  conftest.c >&5
configure:9182: $? = 0
configure:9182: result: yes
configure:9182: checking for stdlib.h
configure:9182: gcc -c -g -O2  conftest.c >&5
configure:9182: $? = 0
configure:9182: result: yes
configure:9182: checking for string.h
configure:9182: gcc -c -g -O2  conftest.c >&5
configure:9182: $? = 0
configure:9182: result: yes
configure:9182: checking for inttypes.h
configure:9182: gcc -c -g -O2  conftest.c >&5
configure:9182: $? = 0
configure:9182: result: yes
configure:9182: checking for stdint.h
configure:9182: gcc -c -g -O2  conftest.c >&5
configure:9182: $? = 0
configure:9182: result: yes
configure:9182: checking for strings.h
configure:9182: gcc -c -g -O2  conftest.c >&5
configure:9182: $? = 0
configure:9182: result: yes
configure:9182: checking for sys/stat.h
configure:9182: gcc -c -g -O2  conftest.c >&5
configure:9182: $? = 0
configure:9182: result: yes
configure:9182: checking for sys/types.h
configure:9182: gcc -c -g -O2  conftest.c >&5
configure:9182: $? = 0
configure:9182: result: yes
configure:9182: checking for unistd.h
configure:9182: gcc -c -g -O2  conftest.c >&5
configure:9182: $? = 0
configure:9182: result: yes
configure:9207: checking for dlfcn.h
configure:9207: gcc -c -g -O2  conftest.c >&5
configure:9207: $? = 0
configure:9207: result: yes
configure:9466: checking for objdir
configure:9482: result: .libs
configure:9746: checking if gcc supports -fno-rtti -fno-exceptions
configure:9765: gcc -c -g -O2  -fno-rtti -fno-exceptions conftest.c >&5
cc1: warning: command line option '-fno-rtti' is valid for C++/D/ObjC++ but not for C
configure:9769: $? = 0
configure:9782: result: no
configure:10146: checking for gcc option to produce PIC
configure:10154: result: -fPIC -DPIC
configure:10162: checking if gcc PIC flag -fPIC -DPIC works
configure:10181: gcc -c -g -O2  -fPIC -DPIC -DPIC conftest.c >&5
configure:10185: $? = 0
configure:10198: result: yes
configure:10227: checking if gcc static flag -static works
configure:10256: result: yes
configure:10271: checking if gcc supports -c -o file.o
configure:10293: gcc -c -g -O2  -o out/conftest2.o conftest.c >&5
configure:10297: $? = 0
configure:10319: result: yes
configure:10327: checking if gcc supports -c -o file.o
configure:10375: result: yes
configure:10408: checking whether the gcc linker (/usr/bin/ld -m elf_x86_64) supports shared libraries
configure:11678: result: yes
configure:11715: checking whether -lc should be explicitly linked in
configure:11724: gcc -c -g -O2  conftest.c >&5
configure:11727: $? = 0
configure:11742: gcc -shared  -fPIC -DPIC conftest.o  -v -Wl,-soname -Wl,conftest -o conftest 2\>\&1 \| /usr/bin/grep  -lc  \>/dev/null 2\>\&1
configure:11745: $? = 0
configure:11759: result: no
configure:11919: checking dynamic linker characteristics
configure:12501: gcc -o conftest -g -O2   -Wl,-rpath -Wl,/foo conftest.c  >&5
configure:12501: $? = 0
configure:12752: result: GNU/Linux ld.so
configure:12874: checking how to hardcode library paths into programs
configure:12899: result: immediate
configure:13451: checking whether stripping libraries is possible
configure:13456: result: yes
configure:13491: checking if libtool supports shared libraries
configure:13493: result: yes
configure:13496: checking whether to build shared libraries
configure:13521: result: yes
configure:13524: checking whether to build static libraries
configure:13528: result: yes
configure:10329: checking for egrep
configure:10397: result: /usr/bin/grep -E
configure:10403: checking for float.h
configure:10403: gcc -c -g -O2  conftest.c >&5
configure:10403: $? = 0
configure:10403: result: yes
configure:10409: checking for inttypes.h
configure:10409: result: yes
configure:10415: checking for limits.h
configure:10415: gcc -c -g -O2  conftest.c >&5
configure:10415: $? = 0
configure:10415: result: yes
configure:10421: checking for locale.h
configure:10421: gcc -c -g -O2  conftest.c >&5
configure:10421: $? = 0
configure:10421: result: yes
configure:10427: checking for stddef.h
configure:10427: gcc -c -g -O2  conftest.c >&5
configure:10427: $? = 0
configure:10427: result: yes
configure:10433: checking for stdint.h
configure:10433: result: yes
configure:10439: checking for stdlib.h
configure:10439: result: yes
configure:10445: checking for string.h
configure:10445: result: yes
configure:10451: checking for unistd.h
configure:10451: result: yes
configure:10457: checking for wchar.h
configure:10457: gcc -c -g -O2  conftest.c >&5
configure:10457: $? = 0
configure:10457: result: yes
configure:10463: checking for wctype.h
configure:10463: gcc -c -g -O2  conftest.c >&5
configure:10463: $? = 0
configure:10463: result: yes
configure:10472: checking for an ANSI C-conforming const
configure:10539: gcc -c -g -O2  conftest.c >&5
configure:10539: $? = 0
configure:10547: result: yes
configure:10555: checking for size_t
configure:10555: gcc -c -g -O2  conftest.c >&5
configure:10555: $? = 0
configure:10555: gcc -c -g -O2  conftest.c >&5
conftest.c: In function 'main':
conftest.c:65:21: error: expected expression before ')' token
   65 | if (sizeof ((size_t)))
      |                     ^
configure:10555: $? = 1
configure: failed program was:
| /* confdefs.h */
| #define PACKAGE_NAME "ta-lib"
| #define PACKAGE_TARNAME "ta-lib"
| #define PACKAGE_VERSION "0.6.4"
| #define PACKAGE_STRING "ta-lib 0.6.4"
| #define PACKAGE_BUGREPORT "https://github.com/TA-Lib/ta-lib/issues"
| #define PACKAGE_URL "https://github.com/TA-Lib/ta-lib"
| #define PACKAGE "ta-lib"
| #define VERSION "0.6.4"
| #define HAVE_STDIO_H 1
| #define HAVE_STDLIB_H 1
| #define HAVE_STRING_H 1
| #define HAVE_INTTYPES_H 1
| #define HAVE_STDINT_H 1
| #define HAVE_STRINGS_H 1
| #define HAVE_SYS_STAT_H 1
| #define HAVE_SYS_TYPES_H 1
| #define HAVE_UNISTD_H 1
| #define STDC_HEADERS 1
| #define HAVE_DLFCN_H 1
| #define LT_OBJDIR ".libs/"
| #define HAVE_FLOAT_H 1
| #define HAVE_INTTYPES_H 1
| #define HAVE_LIMITS_H 1
| #define HAVE_LOCALE_H 1
| #define HAVE_STDDEF_H 1
| #define HAVE_STDINT_H 1
| #define HAVE_STDLIB_H 1
| #define HAVE_STRING_H 1
| #define HAVE_UNISTD_H 1
| #define HAVE_WCHAR_H 1
| #define HAVE_WCTYPE_H 1
| /* end confdefs.h.  */
| #include <stddef.h>
| #ifdef HAVE_STDIO_H
| # include <stdio.h>
| #endif
| #ifdef HAVE_STDLIB_H
| # include <stdlib.h>
| #endif
| #ifdef HAVE_STRING_H
| # include <string.h>
| #endif
| #ifdef HAVE_INTTYPES_H
| # include <inttypes.h>
| #endif
| #ifdef HAVE_STDINT_H
| # include <stdint.h>
| #endif
| #ifdef HAVE_STRINGS_H
| # include <strings.h>
| #endif
| #ifdef HAVE_SYS_TYPES_H
| # include <sys/types.h>
| #endif
| #ifdef HAVE_SYS_STAT_H
| # include <sys/stat.h>
| #endif
| #ifdef HAVE_UNISTD_H
| # include <unistd.h>
| #endif
| int
| main (void)
| {
| if (sizeof ((size_t)))
| 	    return 0;
|   ;
|   return 0;
| }
configure:10555: result: yes
configure:10565: checking whether struct tm is in sys/time.h or time.h
configure:10586: gcc -c -g -O2  conftest.c >&5
configure:10586: $? = 0
configure:10594: result: time.h
configure:10602: checking for working volatile
configure:10622: gcc -c -g -O2  conftest.c >&5
configure:10622: $? = 0
configure:10630: result: yes
configure:10638: checking for ptrdiff_t
configure:10638: gcc -c -g -O2  conftest.c >&5
configure:10638: $? = 0
configure:10638: gcc -c -g -O2  conftest.c >&5
conftest.c: In function 'main':
conftest.c:65:24: error: expected expression before ')' token
   65 | if (sizeof ((ptrdiff_t)))
      |                        ^
configure:10638: $? = 1
configure: failed program was:
| /* confdefs.h */
| #define PACKAGE_NAME "ta-lib"
| #define PACKAGE_TARNAME "ta-lib"
| #define PACKAGE_VERSION "0.6.4"
| #define PACKAGE_STRING "ta-lib 0.6.4"
| #define PACKAGE_BUGREPORT "https://github.com/TA-Lib/ta-lib/issues"
| #define PACKAGE_URL "https://github.com/TA-Lib/ta-lib"
| #define PACKAGE "ta-lib"
| #define VERSION "0.6.4"
| #define HAVE_STDIO_H 1
| #define HAVE_STDLIB_H 1
| #define HAVE_STRING_H 1
| #define HAVE_INTTYPES_H 1
| #define HAVE_STDINT_H 1
| #define HAVE_STRINGS_H 1
| #define HAVE_SYS_STAT_H 1
| #define HAVE_SYS_TYPES_H 1
| #define HAVE_UNISTD_H 1
| #define STDC_HEADERS 1
| #define HAVE_DLFCN_H 1
| #define LT_OBJDIR ".libs/"
| #define HAVE_FLOAT_H 1
| #define HAVE_INTTYPES_H 1
| #define HAVE_LIMITS_H 1
| #define HAVE_LOCALE_H 1
| #define HAVE_STDDEF_H 1
| #define HAVE_STDINT_H 1
| #define HAVE_STDLIB_H 1
| #define HAVE_STRING_H 1
| #define HAVE_UNISTD_H 1
| #define HAVE_WCHAR_H 1
| #define HAVE_WCTYPE_H 1
| /* end confdefs.h.  */
| #include <stddef.h>
| #ifdef HAVE_STDIO_H
| # include <stdio.h>
| #endif
| #ifdef HAVE_STDLIB_H
| # include <stdlib.h>
| #endif
| #ifdef HAVE_STRING_H
| # include <string.h>
| #endif
| #ifdef HAVE_INTTYPES_H
| # include <inttypes.h>
| #endif
| #ifdef HAVE_STDINT_H
| # include <stdint.h>
| #endif
| #ifdef HAVE_STRINGS_H
| # include <strings.h>
| #endif
| #ifdef HAVE_SYS_TYPES_H
| # include <sys/types.h>
| #endif
| #ifdef HAVE_SYS_STAT_H
| # include <sys/stat.h>
| #endif
| #ifdef HAVE_UNISTD_H
| # include <unistd.h>
| #endif
| int
| main (void)
| {
| if (sizeof ((ptrdiff_t)))
| 	    return 0;
|   ;
|   return 0;
| }
configure:10638: result: yes
configure:10649: checking for working strcoll
configure:10677: gcc -o conftest -g -O2   conftest.c  >&5
configure:10677: $? = 0
configure:10677: ./conftest
configure:10677: $? = 0
configure:10688: result: yes
configure:10699: checking for strftime
configure:10699: gcc -o conftest -g -O2   conftest.c  >&5
conftest.c:52:6: warning: conflicting types for built-in function 'strftime'; expected 'long unsigned int(char *, long unsigned int,  const char *, const void *)' [-Wbuiltin-declaration-mismatch]
   52 | char strftime ();
      |      ^~~~~~~~
conftest.c:44:1: note: 'strftime' is declared in header '<time.h>'
   43 | #include <limits.h>
   44 | #undef strftime
configure:10699: $? = 0
configure:10699: result: yes
configure:10751: checking for working strtod
configure:10794: gcc -o conftest -g -O2   conftest.c  >&5
configure:10794: $? = 0
configure:10794: ./conftest
configure:10794: $? = 0
configure:10805: result: yes
configure:10872: checking for vprintf
configure:10872: gcc -o conftest -g -O2   conftest.c  >&5
conftest.c:53:6: warning: conflicting types for built-in function 'vprintf'; expected 'int(const char *, __va_list_tag *)' [-Wbuiltin-declaration-mismatch]
   53 | char vprintf ();
      |      ^~~~~~~
conftest.c:45:1: note: 'vprintf' is declared in header '<stdio.h>'
   44 | #include <limits.h>
   45 | #undef vprintf
configure:10872: $? = 0
configure:10872: result: yes
configure:10893: checking for floor
configure:10893: gcc -o conftest -g -O2   conftest.c  >&5
conftest.c:54:6: warning: conflicting types for built-in function 'floor'; expected 'double(double)' [-Wbuiltin-declaration-mismatch]
   54 | char floor ();
      |      ^~~~~
conftest.c:46:1: note: 'floor' is declared in header '<math.h>'
   45 | #include <limits.h>
   46 | #undef floor
/usr/bin/ld: /tmp/ccB3DSw8.o: in function `main':
/workspaces/mrtclaudiu/trading_bot/ta-lib-0.6.4/conftest.c:65: undefined reference to `floor'
collect2: error: ld returned 1 exit status
configure:10893: $? = 1
configure: failed program was:
| /* confdefs.h */
| #define PACKAGE_NAME "ta-lib"
| #define PACKAGE_TARNAME "ta-lib"
| #define PACKAGE_VERSION "0.6.4"
| #define PACKAGE_STRING "ta-lib 0.6.4"
| #define PACKAGE_BUGREPORT "https://github.com/TA-Lib/ta-lib/issues"
| #define PACKAGE_URL "https://github.com/TA-Lib/ta-lib"
| #define PACKAGE "ta-lib"
| #define VERSION "0.6.4"
| #define HAVE_STDIO_H 1
| #define HAVE_STDLIB_H 1
| #define HAVE_STRING_H 1
| #define HAVE_INTTYPES_H 1
| #define HAVE_STDINT_H 1
| #define HAVE_STRINGS_H 1
| #define HAVE_SYS_STAT_H 1
| #define HAVE_SYS_TYPES_H 1
| #define HAVE_UNISTD_H 1
| #define STDC_HEADERS 1
| #define HAVE_DLFCN_H 1
| #define LT_OBJDIR ".libs/"
| #define HAVE_FLOAT_H 1
| #define HAVE_INTTYPES_H 1
| #define HAVE_LIMITS_H 1
| #define HAVE_LOCALE_H 1
| #define HAVE_STDDEF_H 1
| #define HAVE_STDINT_H 1
| #define HAVE_STDLIB_H 1
| #define HAVE_STRING_H 1
| #define HAVE_UNISTD_H 1
| #define HAVE_WCHAR_H 1
| #define HAVE_WCTYPE_H 1
| #define HAVE_PTRDIFF_T 1
| #define HAVE_STRCOLL 1
| #define HAVE_STRFTIME 1
| #define HAVE_VPRINTF 1
| /* end confdefs.h.  */
| /* Define floor to an innocuous variant, in case <limits.h> declares floor.
|    For example, HP-UX 11i <limits.h> declares gettimeofday.  */
| #define floor innocuous_floor
| 
| /* System header to define __stub macros and hopefully few prototypes,
|    which can conflict with char floor (); below.  */
| 
| #include <limits.h>
| #undef floor
| 
| /* Override any GCC internal prototype to avoid an error.
|    Use char because int might match the return type of a GCC
|    builtin and then its argument prototype would still apply.  */
| #ifdef __cplusplus
| extern "C"
| #endif
| char floor ();
| /* The GNU C library defines this for functions which it implements
|     to always fail with ENOSYS.  Some functions are actually named
|     something starting with __ and the normal name is an alias.  */
| #if defined __stub_floor || defined __stub___floor
| choke me
| #endif
| 
| int
| main (void)
| {
| return floor ();
|   ;
|   return 0;
| }
configure:10893: result: no
configure:10899: checking for isascii
configure:10899: gcc -o conftest -g -O2   conftest.c  >&5
conftest.c:54:6: warning: conflicting types for built-in function 'isascii'; expected 'int(int)' [-Wbuiltin-declaration-mismatch]
   54 | char isascii ();
      |      ^~~~~~~
configure:10899: $? = 0
configure:10899: result: yes
configure:10905: checking for localeconv
configure:10905: gcc -o conftest -g -O2   conftest.c  >&5
configure:10905: $? = 0
configure:10905: result: yes
configure:10911: checking for mblen
configure:10911: gcc -o conftest -g -O2   conftest.c  >&5
configure:10911: $? = 0
configure:10911: result: yes
configure:10917: checking for memmove
configure:10917: gcc -o conftest -g -O2   conftest.c  >&5
conftest.c:57:6: warning: conflicting types for built-in function 'memmove'; expected 'void *(void *, const void *, long unsigned int)' [-Wbuiltin-declaration-mismatch]
   57 | char memmove ();
      |      ^~~~~~~
conftest.c:49:1: note: 'memmove' is declared in header '<string.h>'
   48 | #include <limits.h>
   49 | #undef memmove
configure:10917: $? = 0
configure:10917: result: yes
configure:10923: checking for memset
configure:10923: gcc -o conftest -g -O2   conftest.c  >&5
conftest.c:58:6: warning: conflicting types for built-in function 'memset'; expected 'void *(void *, int,  long unsigned int)' [-Wbuiltin-declaration-mismatch]
   58 | char memset ();
      |      ^~~~~~
conftest.c:50:1: note: 'memset' is declared in header '<string.h>'
   49 | #include <limits.h>
   50 | #undef memset
configure:10923: $? = 0
configure:10923: result: yes
configure:10929: checking for modf
configure:10929: gcc -o conftest -g -O2   conftest.c  >&5
conftest.c:59:6: warning: conflicting types for built-in function 'modf'; expected 'double(double,  double *)' [-Wbuiltin-declaration-mismatch]
   59 | char modf ();
      |      ^~~~
conftest.c:51:1: note: 'modf' is declared in header '<math.h>'
   50 | #include <limits.h>
   51 | #undef modf
configure:10929: $? = 0
configure:10929: result: yes
configure:10935: checking for pow
configure:10935: gcc -o conftest -g -O2   conftest.c  >&5
conftest.c:60:6: warning: conflicting types for built-in function 'pow'; expected 'double(double,  double)' [-Wbuiltin-declaration-mismatch]
   60 | char pow ();
      |      ^~~
conftest.c:52:1: note: 'pow' is declared in header '<math.h>'
   51 | #include <limits.h>
   52 | #undef pow
/usr/bin/ld: /tmp/cc1wutzL.o: in function `main':
/workspaces/mrtclaudiu/trading_bot/ta-lib-0.6.4/conftest.c:71: undefined reference to `pow'
collect2: error: ld returned 1 exit status
configure:10935: $? = 1
configure: failed program was:
| /* confdefs.h */
| #define PACKAGE_NAME "ta-lib"
| #define PACKAGE_TARNAME "ta-lib"
| #define PACKAGE_VERSION "0.6.4"
| #define PACKAGE_STRING "ta-lib 0.6.4"
| #define PACKAGE_BUGREPORT "https://github.com/TA-Lib/ta-lib/issues"
| #define PACKAGE_URL "https://github.com/TA-Lib/ta-lib"
| #define PACKAGE "ta-lib"
| #define VERSION "0.6.4"
| #define HAVE_STDIO_H 1
| #define HAVE_STDLIB_H 1
| #define HAVE_STRING_H 1
| #define HAVE_INTTYPES_H 1
| #define HAVE_STDINT_H 1
| #define HAVE_STRINGS_H 1
| #define HAVE_SYS_STAT_H 1
| #define HAVE_SYS_TYPES_H 1
| #define HAVE_UNISTD_H 1
| #define STDC_HEADERS 1
| #define HAVE_DLFCN_H 1
| #define LT_OBJDIR ".libs/"
| #define HAVE_FLOAT_H 1
| #define HAVE_INTTYPES_H 1
| #define HAVE_LIMITS_H 1
| #define HAVE_LOCALE_H 1
| #define HAVE_STDDEF_H 1
| #define HAVE_STDINT_H 1
| #define HAVE_STDLIB_H 1
| #define HAVE_STRING_H 1
| #define HAVE_UNISTD_H 1
| #define HAVE_WCHAR_H 1
| #define HAVE_WCTYPE_H 1
| #define HAVE_PTRDIFF_T 1
| #define HAVE_STRCOLL 1
| #define HAVE_STRFTIME 1
| #define HAVE_VPRINTF 1
| #define HAVE_ISASCII 1
| #define HAVE_LOCALECONV 1
| #define HAVE_MBLEN 1
| #define HAVE_MEMMOVE 1
| #define HAVE_MEMSET 1
| #define HAVE_MODF 1
| /* end confdefs.h.  */
| /* Define pow to an innocuous variant, in case <limits.h> declares pow.
|    For example, HP-UX 11i <limits.h> declares gettimeofday.  */
| #define pow innocuous_pow
| 
| /* System header to define __stub macros and hopefully few prototypes,
|    which can conflict with char pow (); below.  */
| 
| #include <limits.h>
| #undef pow
| 
| /* Override any GCC internal prototype to avoid an error.
|    Use char because int might match the return type of a GCC
|    builtin and then its argument prototype would still apply.  */
| #ifdef __cplusplus
| extern "C"
| #endif
| char pow ();
| /* The GNU C library defines this for functions which it implements
|     to always fail with ENOSYS.  Some functions are actually named
|     something starting with __ and the normal name is an alias.  */
| #if defined __stub_pow || defined __stub___pow
| choke me
| #endif
| 
| int
| main (void)
| {
| return pow ();
|   ;
|   return 0;
| }
configure:10935: result: no
configure:10941: checking for sqrt
configure:10941: gcc -o conftest -g -O2   conftest.c  >&5
conftest.c:60:6: warning: conflicting types for built-in function 'sqrt'; expected 'double(double)' [-Wbuiltin-declaration-mismatch]
   60 | char sqrt ();
      |      ^~~~
conftest.c:52:1: note: 'sqrt' is declared in header '<math.h>'
   51 | #include <limits.h>
   52 | #undef sqrt
/usr/bin/ld: /tmp/ccZTqutL.o: in function `main':
/workspaces/mrtclaudiu/trading_bot/ta-lib-0.6.4/conftest.c:71: undefined reference to `sqrt'
collect2: error: ld returned 1 exit status
configure:10941: $? = 1
configure: failed program was:
| /* confdefs.h */
| #define PACKAGE_NAME "ta-lib"
| #define PACKAGE_TARNAME "ta-lib"
| #define PACKAGE_VERSION "0.6.4"
| #define PACKAGE_STRING "ta-lib 0.6.4"
| #define PACKAGE_BUGREPORT "https://github.com/TA-Lib/ta-lib/issues"
| #define PACKAGE_URL "https://github.com/TA-Lib/ta-lib"
| #define PACKAGE "ta-lib"
| #define VERSION "0.6.4"
| #define HAVE_STDIO_H 1
| #define HAVE_STDLIB_H 1
| #define HAVE_STRING_H 1
| #define HAVE_INTTYPES_H 1
| #define HAVE_STDINT_H 1
| #define HAVE_STRINGS_H 1
| #define HAVE_SYS_STAT_H 1
| #define HAVE_SYS_TYPES_H 1
| #define HAVE_UNISTD_H 1
| #define STDC_HEADERS 1
| #define HAVE_DLFCN_H 1
| #define LT_OBJDIR ".libs/"
| #define HAVE_FLOAT_H 1
| #define HAVE_INTTYPES_H 1
| #define HAVE_LIMITS_H 1
| #define HAVE_LOCALE_H 1
| #define HAVE_STDDEF_H 1
| #define HAVE_STDINT_H 1
| #define HAVE_STDLIB_H 1
| #define HAVE_STRING_H 1
| #define HAVE_UNISTD_H 1
| #define HAVE_WCHAR_H 1
| #define HAVE_WCTYPE_H 1
| #define HAVE_PTRDIFF_T 1
| #define HAVE_STRCOLL 1
| #define HAVE_STRFTIME 1
| #define HAVE_VPRINTF 1
| #define HAVE_ISASCII 1
| #define HAVE_LOCALECONV 1
| #define HAVE_MBLEN 1
| #define HAVE_MEMMOVE 1
| #define HAVE_MEMSET 1
| #define HAVE_MODF 1
| /* end confdefs.h.  */
| /* Define sqrt to an innocuous variant, in case <limits.h> declares sqrt.
|    For example, HP-UX 11i <limits.h> declares gettimeofday.  */
| #define sqrt innocuous_sqrt
| 
| /* System header to define __stub macros and hopefully few prototypes,
|    which can conflict with char sqrt (); below.  */
| 
| #include <limits.h>
| #undef sqrt
| 
| /* Override any GCC internal prototype to avoid an error.
|    Use char because int might match the return type of a GCC
|    builtin and then its argument prototype would still apply.  */
| #ifdef __cplusplus
| extern "C"
| #endif
| char sqrt ();
| /* The GNU C library defines this for functions which it implements
|     to always fail with ENOSYS.  Some functions are actually named
|     something starting with __ and the normal name is an alias.  */
| #if defined __stub_sqrt || defined __stub___sqrt
| choke me
| #endif
| 
| int
| main (void)
| {
| return sqrt ();
|   ;
|   return 0;
| }
configure:10941: result: no
configure:10947: checking for strcasecmp
configure:10947: gcc -o conftest -g -O2   conftest.c  >&5
conftest.c:60:6: warning: conflicting types for built-in function 'strcasecmp'; expected 'int(const char *, const char *)' [-Wbuiltin-declaration-mismatch]
   60 | char strcasecmp ();
      |      ^~~~~~~~~~
configure:10947: $? = 0
configure:10947: result: yes
configure:10953: checking for strchr
configure:10953: gcc -o conftest -g -O2   conftest.c  >&5
conftest.c:61:6: warning: conflicting types for built-in function 'strchr'; expected 'char *(const char *, int)' [-Wbuiltin-declaration-mismatch]
   61 | char strchr ();
      |      ^~~~~~
conftest.c:53:1: note: 'strchr' is declared in header '<string.h>'
   52 | #include <limits.h>
   53 | #undef strchr
configure:10953: $? = 0
configure:10953: result: yes
configure:10959: checking for strerror
configure:10959: gcc -o conftest -g -O2   conftest.c  >&5
configure:10959: $? = 0
configure:10959: result: yes
configure:10965: checking for strncasecmp
configure:10965: gcc -o conftest -g -O2   conftest.c  >&5
conftest.c:63:6: warning: conflicting types for built-in function 'strncasecmp'; expected 'int(const char *, const char *, long unsigned int)' [-Wbuiltin-declaration-mismatch]
   63 | char strncasecmp ();
      |      ^~~~~~~~~~~
configure:10965: $? = 0
configure:10965: result: yes
configure:10971: checking for strrchr
configure:10971: gcc -o conftest -g -O2   conftest.c  >&5
conftest.c:64:6: warning: conflicting types for built-in function 'strrchr'; expected 'char *(const char *, int)' [-Wbuiltin-declaration-mismatch]
   64 | char strrchr ();
      |      ^~~~~~~
conftest.c:56:1: note: 'strrchr' is declared in header '<string.h>'
   55 | #include <limits.h>
   56 | #undef strrchr
configure:10971: $? = 0
configure:10971: result: yes
configure:10977: checking for strstr
configure:10977: gcc -o conftest -g -O2   conftest.c  >&5
conftest.c:65:6: warning: conflicting types for built-in function 'strstr'; expected 'char *(const char *, const char *)' [-Wbuiltin-declaration-mismatch]
   65 | char strstr ();
      |      ^~~~~~
conftest.c:57:1: note: 'strstr' is declared in header '<string.h>'
   56 | #include <limits.h>
   57 | #undef strstr
configure:10977: $? = 0
configure:10977: result: yes
configure:10983: checking for strtol
configure:10983: gcc -o conftest -g -O2   conftest.c  >&5
configure:10983: $? = 0
configure:10983: result: yes
configure:10989: checking for strtoul
configure:10989: gcc -o conftest -g -O2   conftest.c  >&5
configure:10989: $? = 0
configure:10989: result: yes
configure:11086: checking for cos in -lm
configure:11109: gcc -o conftest -g -O2   conftest.c -lm   >&5
conftest.c:56:6: warning: conflicting types for built-in function 'cos'; expected 'double(double)' [-Wbuiltin-declaration-mismatch]
   56 | char cos ();
      |      ^~~
conftest.c:1:1: note: 'cos' is declared in header '<math.h>'
    1 | /* confdefs.h */
configure:11109: $? = 0
configure:11119: result: yes
configure:11243: checking that generated files are newer than configure
configure:11249: result: done
configure:11276: creating ./config.status

## ---------------------- ##
## Running config.status. ##
## ---------------------- ##

This file was extended by ta-lib config.status 0.6.4, which was
generated by GNU Autoconf 2.71.  Invocation command line was

  CONFIG_FILES    = 
  CONFIG_HEADERS  = 
  CONFIG_LINKS    = 
  CONFIG_COMMANDS = 
  $ ./config.status 

on codespaces-b25553

config.status:1118: creating Makefile
config.status:1118: creating src/Makefile
config.status:1118: creating src/ta_abstract/Makefile
config.status:1118: creating src/ta_common/Makefile
config.status:1118: creating src/ta_func/Makefile
config.status:1118: creating src/tools/Makefile
config.status:1118: creating src/tools/gen_code/Makefile
config.status:1118: creating src/tools/ta_regtest/Makefile
config.status:1118: creating ta-lib.pc
config.status:1118: creating ta-lib.spec
config.status:1118: creating ta-lib.dpkg
config.status:1118: creating include/ta_config.h
config.status:1347: executing depfiles commands
config.status:1424: cd src/ta_abstract       && sed -e '/# am--include-marker/d' Makefile         | make -f - am--depfiles
config.status:1429: $? = 0
config.status:1424: cd src/ta_common       && sed -e '/# am--include-marker/d' Makefile         | make -f - am--depfiles
config.status:1429: $? = 0
config.status:1424: cd src/ta_func       && sed -e '/# am--include-marker/d' Makefile         | make -f - am--depfiles
config.status:1429: $? = 0
config.status:1424: cd src/tools/gen_code       && sed -e '/# am--include-marker/d' Makefile         | make -f - am--depfiles
config.status:1429: $? = 0
config.status:1424: cd src/tools/ta_regtest       && sed -e '/# am--include-marker/d' Makefile         | make -f - am--depfiles
config.status:1429: $? = 0
config.status:1347: executing libtool commands

## ---------------- ##
## Cache variables. ##
## ---------------- ##

ac_cv_build=x86_64-pc-linux-gnu
ac_cv_c_compiler_gnu=yes
ac_cv_c_const=yes
ac_cv_c_volatile=yes
ac_cv_env_CC_set=
ac_cv_env_CC_value=
ac_cv_env_CFLAGS_set=
ac_cv_env_CFLAGS_value=
ac_cv_env_CPPFLAGS_set=
ac_cv_env_CPPFLAGS_value=
ac_cv_env_LDFLAGS_set=
ac_cv_env_LDFLAGS_value=
ac_cv_env_LIBS_set=
ac_cv_env_LIBS_value=
ac_cv_env_LT_SYS_LIBRARY_PATH_set=
ac_cv_env_LT_SYS_LIBRARY_PATH_value=
ac_cv_env_build_alias_set=
ac_cv_env_build_alias_value=
ac_cv_env_host_alias_set=
ac_cv_env_host_alias_value=
ac_cv_env_target_alias_set=
ac_cv_env_target_alias_value=
ac_cv_func_floor=no
ac_cv_func_isascii=yes
ac_cv_func_localeconv=yes
ac_cv_func_mblen=yes
ac_cv_func_memmove=yes
ac_cv_func_memset=yes
ac_cv_func_modf=yes
ac_cv_func_pow=no
ac_cv_func_sqrt=no
ac_cv_func_strcasecmp=yes
ac_cv_func_strchr=yes
ac_cv_func_strcoll_works=yes
ac_cv_func_strerror=yes
ac_cv_func_strftime=yes
ac_cv_func_strncasecmp=yes
ac_cv_func_strrchr=yes
ac_cv_func_strstr=yes
ac_cv_func_strtod=yes
ac_cv_func_strtol=yes
ac_cv_func_strtoul=yes
ac_cv_func_vprintf=yes
ac_cv_header_dlfcn_h=yes
ac_cv_header_float_h=yes
ac_cv_header_inttypes_h=yes
ac_cv_header_limits_h=yes
ac_cv_header_locale_h=yes
ac_cv_header_stddef_h=yes
ac_cv_header_stdint_h=yes
ac_cv_header_stdio_h=yes
ac_cv_header_stdlib_h=yes
ac_cv_header_string_h=yes
ac_cv_header_strings_h=yes
ac_cv_header_sys_stat_h=yes
ac_cv_header_sys_types_h=yes
ac_cv_header_unistd_h=yes
ac_cv_header_wchar_h=yes
ac_cv_header_wctype_h=yes
ac_cv_host=x86_64-pc-linux-gnu
ac_cv_lib_m_cos=yes
ac_cv_objext=o
ac_cv_path_EGREP='/usr/bin/grep -E'
ac_cv_path_FGREP='/usr/bin/grep -F'
ac_cv_path_GREP=/usr/bin/grep
ac_cv_path_SED=/usr/bin/sed
ac_cv_path_install='/usr/bin/install -c'
ac_cv_path_lt_DD=/usr/bin/dd
ac_cv_path_mkdir=/usr/bin/mkdir
ac_cv_prog_AWK=gawk
ac_cv_prog_ac_ct_AR=ar
ac_cv_prog_ac_ct_CC=gcc
ac_cv_prog_ac_ct_OBJDUMP=objdump
ac_cv_prog_ac_ct_RANLIB=ranlib
ac_cv_prog_ac_ct_STRIP=strip
ac_cv_prog_cc_c11=
ac_cv_prog_cc_g=yes
ac_cv_prog_cc_stdc=
ac_cv_prog_make_make_set=yes
ac_cv_struct_tm=time.h
ac_cv_type_ptrdiff_t=yes
ac_cv_type_size_t=yes
am_cv_CC_dependencies_compiler_type=gcc3
am_cv_ar_interface=ar
am_cv_make_support_nested_variables=yes
am_cv_prog_cc_c_o=yes
lt_cv_ar_at_file=@
lt_cv_archive_cmds_need_lc=no
lt_cv_deplibs_check_method=pass_all
lt_cv_file_magic_cmd='$MAGIC_CMD'
lt_cv_file_magic_test_file=
lt_cv_ld_reload_flag=-r
lt_cv_nm_interface='BSD nm'
lt_cv_objdir=.libs
lt_cv_path_LD=/usr/bin/ld
lt_cv_path_NM='/usr/bin/nm -B'
lt_cv_path_mainfest_tool=no
lt_cv_prog_compiler_c_o=yes
lt_cv_prog_compiler_pic='-fPIC -DPIC'
lt_cv_prog_compiler_pic_works=yes
lt_cv_prog_compiler_rtti_exceptions=no
lt_cv_prog_compiler_static_works=yes
lt_cv_prog_gnu_ld=yes
lt_cv_sharedlib_from_linklib_cmd='printf %s\n'
lt_cv_shlibpath_overrides_runpath=yes
lt_cv_sys_global_symbol_pipe='sed -n -e '\''s/^.*[	 ]\([ABCDGIRSTW][ABCDGIRSTW]*\)[	 ][	 ]*\([_A-Za-z][_A-Za-z0-9]*\)$/\1 \2 \2/p'\'' | sed '\''/ __gnu_lto/d'\'''
lt_cv_sys_global_symbol_to_c_name_address='sed -n -e '\''s/^: \(.*\) .*$/  {"\1", (void *) 0},/p'\'' -e '\''s/^[ABCDGIRSTW][ABCDGIRSTW]* .* \(.*\)$/  {"\1", (void *) \&\1},/p'\'''
lt_cv_sys_global_symbol_to_c_name_address_lib_prefix='sed -n -e '\''s/^: \(.*\) .*$/  {"\1", (void *) 0},/p'\'' -e '\''s/^[ABCDGIRSTW][ABCDGIRSTW]* .* \(lib.*\)$/  {"\1", (void *) \&\1},/p'\'' -e '\''s/^[ABCDGIRSTW][ABCDGIRSTW]* .* \(.*\)$/  {"lib\1", (void *) \&\1},/p'\'''
lt_cv_sys_global_symbol_to_cdecl='sed -n -e '\''s/^T .* \(.*\)$/extern int \1();/p'\'' -e '\''s/^[ABCDGIRSTW][ABCDGIRSTW]* .* \(.*\)$/extern char \1;/p'\'''
lt_cv_sys_global_symbol_to_import=
lt_cv_sys_max_cmd_len=1572864
lt_cv_to_host_file_cmd=func_convert_file_noop
lt_cv_to_tool_file_cmd=func_convert_file_noop
lt_cv_truncate_bin='/usr/bin/dd bs=4096 count=1'

## ----------------- ##
## Output variables. ##
## ----------------- ##

ACLOCAL='${SHELL} '\''/workspaces/mrtclaudiu/trading_bot/ta-lib-0.6.4/missing'\'' aclocal-1.16'
AMDEPBACKSLASH='\'
AMDEP_FALSE='#'
AMDEP_TRUE=''
AMTAR='$${TAR-tar}'
AM_BACKSLASH='\'
AM_DEFAULT_V='$(AM_DEFAULT_VERBOSITY)'
AM_DEFAULT_VERBOSITY='1'
AM_V='$(V)'
AR='ar'
AUTOCONF='${SHELL} '\''/workspaces/mrtclaudiu/trading_bot/ta-lib-0.6.4/missing'\'' autoconf'
AUTOHEADER='${SHELL} '\''/workspaces/mrtclaudiu/trading_bot/ta-lib-0.6.4/missing'\'' autoheader'
AUTOMAKE='${SHELL} '\''/workspaces/mrtclaudiu/trading_bot/ta-lib-0.6.4/missing'\'' automake-1.16'
AWK='gawk'
CC='gcc'
CCDEPMODE='depmode=gcc3'
CFLAGS='-g -O2'
CPPFLAGS=''
CSCOPE='cscope'
CTAGS='ctags'
CYGPATH_W='echo'
DEFS='-DHAVE_CONFIG_H'
DEPDIR='.deps'
DLLTOOL='false'
DSYMUTIL=''
DUMPBIN=''
ECHO_C=''
ECHO_N='-n'
ECHO_T=''
EGREP='/usr/bin/grep -E'
ETAGS='etags'
EXEEXT=''
FGREP='/usr/bin/grep -F'
GREP='/usr/bin/grep'
INSTALL_DATA='${INSTALL} -m 644'
INSTALL_PROGRAM='${INSTALL}'
INSTALL_SCRIPT='${INSTALL}'
INSTALL_STRIP_PROGRAM='$(install_sh) -c -s'
LD='/usr/bin/ld -m elf_x86_64'
LDFLAGS=''
LIBM='-lm'
LIBOBJS=''
LIBS=''
LIBTOOL='$(SHELL) $(top_builddir)/libtool'
LIPO=''
LN_S='ln -s'
LTLIBOBJS=''
LT_SYS_LIBRARY_PATH=''
MAKEINFO='${SHELL} '\''/workspaces/mrtclaudiu/trading_bot/ta-lib-0.6.4/missing'\'' makeinfo'
MANIFEST_TOOL=':'
MKDIR_P='/usr/bin/mkdir -p'
NM='/usr/bin/nm -B'
NMEDIT=''
OBJDUMP='objdump'
OBJEXT='o'
OTOOL64=''
OTOOL=''
PACKAGE='ta-lib'
PACKAGE_BUGREPORT='https://github.com/TA-Lib/ta-lib/issues'
PACKAGE_NAME='ta-lib'
PACKAGE_STRING='ta-lib 0.6.4'
PACKAGE_TARNAME='ta-lib'
PACKAGE_URL='https://github.com/TA-Lib/ta-lib'
PACKAGE_VERSION='0.6.4'
PATH_SEPARATOR=':'
POW_LIB=''
RANLIB='ranlib'
SED='/usr/bin/sed'
SET_MAKE=''
SHELL='/bin/bash'
STRIP='strip'
TALIB_LIBRARY_VERSION='0:0:0'
VERSION='0.6.4'
ac_ct_AR='ar'
ac_ct_CC='gcc'
ac_ct_DUMPBIN=''
am__EXEEXT_FALSE=''
am__EXEEXT_TRUE='#'
am__fastdepCC_FALSE='#'
am__fastdepCC_TRUE=''
am__include='include'
am__isrc=''
am__leading_dot='.'
am__nodep='_no'
am__quote=''
am__tar='$${TAR-tar} chof - "$$tardir"'
am__untar='$${TAR-tar} xf -'
bindir='${exec_prefix}/bin'
build='x86_64-pc-linux-gnu'
build_alias=''
build_cpu='x86_64'
build_os='linux-gnu'
build_vendor='pc'
datadir='${datarootdir}'
datarootdir='${prefix}/share'
docdir='${datarootdir}/doc/${PACKAGE_TARNAME}'
dvidir='${docdir}'
exec_prefix='${prefix}'
host='x86_64-pc-linux-gnu'
host_alias=''
host_cpu='x86_64'
host_os='linux-gnu'
host_vendor='pc'
htmldir='${docdir}'
includedir='${prefix}/include'
infodir='${datarootdir}/info'
install_sh='${SHELL} /workspaces/mrtclaudiu/trading_bot/ta-lib-0.6.4/install-sh'
libdir='${exec_prefix}/lib'
libexecdir='${exec_prefix}/libexec'
localedir='${datarootdir}/locale'
localstatedir='${prefix}/var'
mandir='${datarootdir}/man'
mkdir_p='$(MKDIR_P)'
oldincludedir='/usr/include'
pdfdir='${docdir}'
prefix='/usr'
program_transform_name='s,x,x,'
psdir='${docdir}'
runstatedir='${localstatedir}/run'
sbindir='${exec_prefix}/sbin'
sharedstatedir='${prefix}/com'
sysconfdir='${prefix}/etc'
target_alias=''

## ----------- ##
## confdefs.h. ##
## ----------- ##

/* confdefs.h */
#define PACKAGE_NAME "ta-lib"
#define PACKAGE_TARNAME "ta-lib"
#define PACKAGE_VERSION "0.6.4"
#define PACKAGE_STRING "ta-lib 0.6.4"
#define PACKAGE_BUGREPORT "https://github.com/TA-Lib/ta-lib/issues"
#define PACKAGE_URL "https://github.com/TA-Lib/ta-lib"
#define PACKAGE "ta-lib"
#define VERSION "0.6.4"
#define HAVE_STDIO_H 1
#define HAVE_STDLIB_H 1
#define HAVE_STRING_H 1
#define HAVE_INTTYPES_H 1
#define HAVE_STDINT_H 1
#define HAVE_STRINGS_H 1
#define HAVE_SYS_STAT_H 1
#define HAVE_SYS_TYPES_H 1
#define HAVE_UNISTD_H 1
#define STDC_HEADERS 1
#define HAVE_DLFCN_H 1
#define LT_OBJDIR ".libs/"
#define HAVE_FLOAT_H 1
#define HAVE_INTTYPES_H 1
#define HAVE_LIMITS_H 1
#define HAVE_LOCALE_H 1
#define HAVE_STDDEF_H 1
#define HAVE_STDINT_H 1
#define HAVE_STDLIB_H 1
#define HAVE_STRING_H 1
#define HAVE_UNISTD_H 1
#define HAVE_WCHAR_H 1
#define HAVE_WCTYPE_H 1
#define HAVE_PTRDIFF_T 1
#define HAVE_STRCOLL 1
#define HAVE_STRFTIME 1
#define HAVE_VPRINTF 1
#define HAVE_ISASCII 1
#define HAVE_LOCALECONV 1
#define HAVE_MBLEN 1
#define HAVE_MEMMOVE 1
#define HAVE_MEMSET 1
#define HAVE_MODF 1
#define HAVE_STRCASECMP 1
#define HAVE_STRCHR 1
#define HAVE_STRERROR 1
#define HAVE_STRNCASECMP 1
#define HAVE_STRRCHR 1
#define HAVE_STRSTR 1
#define HAVE_STRTOL 1
#define HAVE_STRTOUL 1

configure: exit 0
